app/mapping.txt
com.habbyge.iwatch.ArtMethodSize -> com.habbyge.iwatch.ArtMethodSize:
    13:13:void <init>() -> <init>
    16:16:void func1() -> func1
    19:19:void func2() -> func2
    23:33:void init(int) -> init
com.habbyge.iwatch.IWatch -> com.habbyge.iwatch.a:
    boolean mTest -> c
    java.io.File mOptDir -> d
    31:41:void <init>(android.content.Context) -> <init>
    44:45:void init() -> init
    51:109:void fix(java.io.File,java.util.List) -> a
    1167:1172:void fixClass(java.lang.ClassLoader,java.lang.Class):167:172 -> a
    1167:1172:void fix(java.io.File,java.util.List):104 -> a
    175:223:void doFixClass(java.lang.ClassLoader,java.lang.Class) -> a
    226:282:void doFixClassTest(java.lang.ClassLoader,java.lang.Class) -> b
    289:293:boolean fixMethod1(java.lang.ClassLoader,java.lang.String,java.lang.String,java.lang.reflect.Method) -> a
    301:310:boolean fixMethod2(java.lang.String,java.lang.String,java.lang.Class[],java.lang.Class,boolean,java.lang.String,java.lang.String,java.lang.Class[],java.lang.Class,boolean) -> a
    315:316:void unhookAllMethod() -> unhookAllMethod
    321:342:void setAccessPublic(java.lang.ClassLoader,java.lang.String) -> a
    345:362:java.lang.reflect.Method[] setAccessPublic(java.lang.Class) -> a
    366:370:void removeOptFile(java.io.File) -> a
com.habbyge.iwatch.IWatch$1 -> com.habbyge.iwatch.a$1:
    dalvik.system.DexFile val$dexFile -> e
    com.habbyge.iwatch.IWatch this$0 -> f
    70:70:void <init>(com.habbyge.iwatch.IWatch,java.lang.ClassLoader,dalvik.system.DexFile) -> <init>
    74:85:java.lang.Class findClass(java.lang.String) -> findClass
com.habbyge.iwatch.MethodHook -> com.habbyge.iwatch.MethodHook:
    java.lang.String TAG -> TAG
    34:35:void <init>() -> <init>
    38:40:void init() -> init
    43:47:boolean hookMethod1(java.lang.String,java.lang.String,java.lang.String,java.lang.reflect.Method,java.lang.reflect.Method) -> hookMethod1
    54:57:boolean hookMethod2(java.lang.String,java.lang.String,java.lang.String,boolean,java.lang.String,java.lang.String,java.lang.String,boolean) -> hookMethod2
    71:72:void restoreMethod(java.lang.String,java.lang.String,java.lang.String) -> restoreMethod
    75:76:void unhookAllMethod() -> unhookAllMethod
    79:81:void hookClass2(java.lang.String) -> hookClass2
    84:87:void setCurThread() -> setCurThread
    void init(int,java.lang.reflect.Method,java.lang.reflect.Method) -> init
    long hookMethod(java.lang.String,java.lang.String,java.lang.String,java.lang.reflect.Method,java.lang.reflect.Method) -> hookMethod
    long hookMethod(java.lang.String,java.lang.String,java.lang.String,boolean,java.lang.String,java.lang.String,java.lang.String,boolean) -> hookMethod
    void unhookMethod(java.lang.String,java.lang.String,java.lang.String) -> unhookMethod
    void unhookAllmethod() -> unhookAllmethod
    void setFieldAccessPublic(java.lang.reflect.Field) -> setFieldAccessPublic
    void setMethodAccessPublic(java.lang.reflect.Method) -> setMethodAccessPublic
    long hookClass(java.lang.String) -> hookClass
    void setCurThread(long) -> setCurThread
com.habbyge.iwatch.patch.FixMethodAnno -> com.habbyge.iwatch.patch.FixMethodAnno:
    java.lang.String _class() -> _class
    java.lang.String method() -> method
...
androidx.recyclerview.widget.DefaultItemAnimator$3 -> androidx.recyclerview.widget.DefaultItemAnimator$3:
    java.util.ArrayList val$additions -> val$additions
    androidx.recyclerview.widget.DefaultItemAnimator this$0 -> this$0
    168:168:void <init>(androidx.recyclerview.widget.DefaultItemAnimator,java.util.ArrayList) -> <init>
    171:176:void run() -> run
androidx.recyclerview.widget.DefaultItemAnimator$4 -> androidx.recyclerview.widget.DefaultItemAnimator$4:
    androidx.recyclerview.widget.RecyclerView$ViewHolder val$holder -> val$holder
    android.view.ViewPropertyAnimator val$animation -> val$animation
    android.view.View val$view -> val$view
    androidx.recyclerview.widget.DefaultItemAnimator this$0 -> this$0
    203:203:void <init>(androidx.recyclerview.widget.DefaultItemAnimator,androidx.recyclerview.widget.RecyclerView$ViewHolder,android.view.ViewPropertyAnimator,android.view.View) -> <init>
    206:207:void onAnimationStart(android.animation.Animator) -> onAnimationStart
    211:216:void onAnimationEnd(android.animation.Animator) -> onAnimationEnd
androidx.recyclerview.widget.DefaultItemAnimator$5 -> androidx.recyclerview.widget.DefaultItemAnimator$5:
    androidx.recyclerview.widget.RecyclerView$ViewHolder val$holder -> val$holder
    android.view.View val$view -> val$view
    android.view.ViewPropertyAnimator val$animation -> val$animation
    androidx.recyclerview.widget.DefaultItemAnimator this$0 -> this$0
    233:233:void <init>(androidx.recyclerview.widget.DefaultItemAnimator,androidx.recyclerview.widget.RecyclerView$ViewHolder,android.view.View,android.view.ViewPropertyAnimator) -> <init>
    236:237:void onAnimationStart(android.animation.Animator) -> onAnimationStart
    241:242:void onAnimationCancel(android.animation.Animator) -> onAnimationCancel
    246:250:void onAnimationEnd(android.animation.Animator) -> onAnimationEnd
androidx.recyclerview.widget.DefaultItemAnimator$6 -> androidx.recyclerview.widget.DefaultItemAnimator$6:
    androidx.recyclerview.widget.RecyclerView$ViewHolder val$holder -> val$holder
    int val$deltaX -> val$deltaX
    android.view.View val$view -> val$view
    int val$deltaY -> val$deltaY
    android.view.ViewPropertyAnimator val$animation -> val$animation
    androidx.recyclerview.widget.DefaultItemAnimator this$0 -> this$0
    292:292:void <init>(androidx.recyclerview.widget.DefaultItemAnimator,androidx.recyclerview.widget.RecyclerView$ViewHolder,int,android.view.View,int,android.view.ViewPropertyAnimator) -> <init>
    295:296:void onAnimationStart(android.animation.Animator) -> onAnimationStart
    300:306:void onAnimationCancel(android.animation.Animator) -> onAnimationCancel
    310:314:void onAnimationEnd(android.animation.Animator) -> onAnimationEnd
androidx.recyclerview.widget.DefaultItemAnimator$7 -> androidx.recyclerview.widget.DefaultItemAnimator$7:
    androidx.recyclerview.widget.DefaultItemAnimator$ChangeInfo val$changeInfo -> val$changeInfo
    android.view.ViewPropertyAnimator val$oldViewAnim -> val$oldViewAnim
    android.view.View val$view -> val$view
    androidx.recyclerview.widget.DefaultItemAnimator this$0 -> this$0
    358:358:void <init>(androidx.recyclerview.widget.DefaultItemAnimator,androidx.recyclerview.widget.DefaultItemAnimator$ChangeInfo,android.view.ViewPropertyAnimator,android.view.View) -> <init>
    361:362:void onAnimationStart(android.animation.Animator) -> onAnimationStart
    366:373:void onAnimationEnd(android.animation.Animator) -> onAnimationEnd